D:\Program Files (x86)\Microsoft Visual Studio\2017\Community\Common7\IDE\VC\VCTargets\Microsoft.CppBuild.targets(391,5): warning MSB8028: 中间目录(x64\Debug\)包含从另一个项目(ConnectCamera.vcxproj)共享的文件。   这会导致错误的清除和重新生成行为。
  Moc'ing ConnectCamera.h...
  Rcc'ing ConnectCamera.qrc...
  Uic'ing ConnectCamera.ui...
  RCC: Warning: No resources in 'C:\Users\user\Desktop\ConnectHik3DCamera\ConnectCamera\ConnectCamera.qrc'.
  ConnectCamera.cpp
  main.cpp
  moc_ConnectCamera.cpp
  qrc_ConnectCamera.cpp
  _WIN32_WINNT not defined. Defaulting to _WIN32_WINNT_MAXVER (see WinSDKVer.h)
  _WIN32_WINNT not defined. Defaulting to _WIN32_WINNT_MAXVER (see WinSDKVer.h)
  _WIN32_WINNT not defined. Defaulting to _WIN32_WINNT_MAXVER (see WinSDKVer.h)
  Unknown compiler version - please run the configure tests and report the results
  Unknown compiler version - please run the configure tests and report the results
  Unknown compiler version - please run the configure tests and report the results
c:\program files\pcl 1.8.1\include\pcl-1.8\pcl\point_traits.h : warning C4819: 该文件包含不能在当前代码页(936)中表示的字符。请将该文件保存为 Unicode 格式以防止数据丢失 (编译源文件 ConnectCamera.cpp)
c:\program files\pcl 1.8.1\include\pcl-1.8\pcl\point_traits.h : warning C4819: 该文件包含不能在当前代码页(936)中表示的字符。请将该文件保存为 Unicode 格式以防止数据丢失 (编译源文件 .\GeneratedFiles\Debug\moc_ConnectCamera.cpp)
c:\program files\pcl 1.8.1\include\pcl-1.8\pcl\point_traits.h : warning C4819: 该文件包含不能在当前代码页(936)中表示的字符。请将该文件保存为 Unicode 格式以防止数据丢失 (编译源文件 main.cpp)
c:\program files\pcl 1.8.1\include\pcl-1.8\pcl\visualization\interactor_style.h : warning C4819: 该文件包含不能在当前代码页(936)中表示的字符。请将该文件保存为 Unicode 格式以防止数据丢失 (编译源文件 .\GeneratedFiles\Debug\moc_ConnectCamera.cpp)
c:\program files\pcl 1.8.1\include\pcl-1.8\pcl\visualization\interactor_style.h : warning C4819: 该文件包含不能在当前代码页(936)中表示的字符。请将该文件保存为 Unicode 格式以防止数据丢失 (编译源文件 ConnectCamera.cpp)
c:\program files\pcl 1.8.1\include\pcl-1.8\pcl\visualization\interactor_style.h : warning C4819: 该文件包含不能在当前代码页(936)中表示的字符。请将该文件保存为 Unicode 格式以防止数据丢失 (编译源文件 main.cpp)
c:\program files\pcl 1.8.1\include\pcl-1.8\pcl\visualization\pcl_visualizer.h(1584): warning C4819: 该文件包含不能在当前代码页(936)中表示的字符。请将该文件保存为 Unicode 格式以防止数据丢失 (编译源文件 .\GeneratedFiles\Debug\moc_ConnectCamera.cpp)
c:\program files\pcl 1.8.1\include\pcl-1.8\pcl\visualization\pcl_visualizer.h(1584): warning C4819: 该文件包含不能在当前代码页(936)中表示的字符。请将该文件保存为 Unicode 格式以防止数据丢失 (编译源文件 ConnectCamera.cpp)
c:\program files\pcl 1.8.1\include\pcl-1.8\pcl\visualization\pcl_visualizer.h(1584): warning C4819: 该文件包含不能在当前代码页(936)中表示的字符。请将该文件保存为 Unicode 格式以防止数据丢失 (编译源文件 main.cpp)
c:\users\user\desktop\connecthik3dcamera\connectcamera\connectcamera.cpp(747): warning C4715: “ConnectCamera::ProcessThread”: 不是所有的控件路径都返回值
  ConnectCamera.vcxproj -> C:\Users\user\Desktop\ConnectHik3DCamera\x64\Debug\ConnectHik3DCamera.exe
